<?xml version="1.0" encoding="UTF-8"?>
<testsuite xmlns:xsi="http://www.w3.org/2001/XMLSchema-instance" xsi:noNamespaceSchemaLocation="https://maven.apache.org/surefire/maven-surefire-plugin/xsd/surefire-test-report.xsd" version="3.0.2" name="com.monitoring.monitoring_service.MonitoringServiceApplicationTests" time="9.471" tests="1" errors="0" skipped="0" failures="0">
  <properties>
[...]
</properties>
  <testcase name="contextLoads" classname="com.monitoring.monitoring_service.MonitoringServiceApplicationTests" time="0.041">
    <system-out><![CDATA[13:47:35.093 [main] INFO org.springframework.test.context.support.AnnotationConfigContextLoaderUtils -- Could not detect default configuration classes for test class [com.monitoring.monitoring_service.MonitoringServiceApplicationTests]: MonitoringServiceApplicationTests does not declare any static, non-private, non-final, nested classes annotated with @Configuration.
13:47:35.271 [main] INFO org.springframework.boot.test.context.SpringBootTestContextBootstrapper -- Found @SpringBootConfiguration com.monitoring.monitoring_service.MonitoringServiceApplication for test class com.monitoring.monitoring_service.MonitoringServiceApplicationTests
13:47:35.575 [main] INFO org.springframework.boot.devtools.restart.RestartApplicationListener -- Restart disabled due to context in which it is running
13:47:34,589 |-INFO in ch.qos.logback.classic.LoggerContext[default] - This is logback-classic version 1.5.18
13:47:34,596 |-INFO in ch.qos.logback.classic.util.ContextInitializer@14efa279 - Here is a list of configurators discovered as a service, by rank: 
13:47:34,596 |-INFO in ch.qos.logback.classic.util.ContextInitializer@14efa279 -   org.springframework.boot.logging.logback.RootLogLevelConfigurator
13:47:34,596 |-INFO in ch.qos.logback.classic.util.ContextInitializer@14efa279 - They will be invoked in order until ExecutionStatus.DO_NOT_INVOKE_NEXT_IF_ANY is returned.
13:47:34,596 |-INFO in ch.qos.logback.classic.util.ContextInitializer@14efa279 - Constructed configurator of type class org.springframework.boot.logging.logback.RootLogLevelConfigurator
13:47:34,624 |-INFO in ch.qos.logback.classic.util.ContextInitializer@14efa279 - org.springframework.boot.logging.logback.RootLogLevelConfigurator.configure() call lasted 1 milliseconds. ExecutionStatus=INVOKE_NEXT_IF_ANY
13:47:34,625 |-INFO in ch.qos.logback.classic.util.ContextInitializer@14efa279 - Trying to configure with ch.qos.logback.classic.joran.SerializedModelConfigurator
13:47:34,628 |-INFO in ch.qos.logback.classic.util.ContextInitializer@14efa279 - Constructed configurator of type class ch.qos.logback.classic.joran.SerializedModelConfigurator
13:47:34,636 |-INFO in ch.qos.logback.classic.LoggerContext[default] - Could NOT find resource [logback-test.scmo]
13:47:34,636 |-INFO in ch.qos.logback.classic.LoggerContext[default] - Could NOT find resource [logback.scmo]
13:47:34,636 |-INFO in ch.qos.logback.classic.util.ContextInitializer@14efa279 - ch.qos.logback.classic.joran.SerializedModelConfigurator.configure() call lasted 8 milliseconds. ExecutionStatus=INVOKE_NEXT_IF_ANY
13:47:34,636 |-INFO in ch.qos.logback.classic.util.ContextInitializer@14efa279 - Trying to configure with ch.qos.logback.classic.util.DefaultJoranConfigurator
13:47:34,638 |-INFO in ch.qos.logback.classic.util.ContextInitializer@14efa279 - Constructed configurator of type class ch.qos.logback.classic.util.DefaultJoranConfigurator
13:47:34,639 |-INFO in ch.qos.logback.classic.LoggerContext[default] - Could NOT find resource [logback-test.xml]
13:47:34,640 |-INFO in ch.qos.logback.classic.LoggerContext[default] - Could NOT find resource [logback.xml]
13:47:34,640 |-INFO in ch.qos.logback.classic.util.ContextInitializer@14efa279 - ch.qos.logback.classic.util.DefaultJoranConfigurator.configure() call lasted 2 milliseconds. ExecutionStatus=INVOKE_NEXT_IF_ANY
13:47:34,640 |-INFO in ch.qos.logback.classic.util.ContextInitializer@14efa279 - Trying to configure with ch.qos.logback.classic.BasicConfigurator
13:47:34,643 |-INFO in ch.qos.logback.classic.util.ContextInitializer@14efa279 - Constructed configurator of type class ch.qos.logback.classic.BasicConfigurator
13:47:34,643 |-INFO in ch.qos.logback.classic.BasicConfigurator@8e99809 - Setting up default configuration.
13:47:34,673 |-INFO in ch.qos.logback.core.ConsoleAppender[console] - BEWARE: Writing to the console can be very slow. Avoid logging to the 
13:47:34,673 |-INFO in ch.qos.logback.core.ConsoleAppender[console] - console in production environments, especially in high volume systems.
13:47:34,673 |-INFO in ch.qos.logback.core.ConsoleAppender[console] - See also https://logback.qos.ch/codes.html#slowConsole
13:47:34,674 |-INFO in ch.qos.logback.classic.util.ContextInitializer@14efa279 - ch.qos.logback.classic.BasicConfigurator.configure() call lasted 31 milliseconds. ExecutionStatus=NEUTRAL
13:47:35,938 |-INFO in ch.qos.logback.core.joran.util.ConfigurationWatchListUtil@e62319f - Adding [jar:file:/C:/Users/User/.m2/repository/org/springframework/boot/spring-boot/3.4.8/spring-boot-3.4.8.jar!/org/springframework/boot/logging/logback/base.xml] to configuration watch list.
13:47:35,938 |-INFO in ConfigurationWatchList(mainURL=file:/E:/javaProject-gitHub-public/monitoring-service/monitoring-service/target/classes/logback-spring.xml, fileWatchList={E:\javaProject-gitHub-public\monitoring-service\monitoring-service\target\classes\logback-spring.xml}, urlWatchList=[}) - Cannot watch [jar:file:/C:/Users/User/.m2/repository/org/springframework/boot/spring-boot/3.4.8/spring-boot-3.4.8.jar!/org/springframework/boot/logging/logback/base.xml] as its protocol is not one of file, http or https.
13:47:35,943 |-INFO in ch.qos.logback.core.joran.util.ConfigurationWatchListUtil@e62319f - Adding [jar:file:/C:/Users/User/.m2/repository/org/springframework/boot/spring-boot/3.4.8/spring-boot-3.4.8.jar!/org/springframework/boot/logging/logback/defaults.xml] to configuration watch list.
13:47:35,943 |-INFO in ConfigurationWatchList(mainURL=file:/E:/javaProject-gitHub-public/monitoring-service/monitoring-service/target/classes/logback-spring.xml, fileWatchList={E:\javaProject-gitHub-public\monitoring-service\monitoring-service\target\classes\logback-spring.xml}, urlWatchList=[}) - Cannot watch [jar:file:/C:/Users/User/.m2/repository/org/springframework/boot/spring-boot/3.4.8/spring-boot-3.4.8.jar!/org/springframework/boot/logging/logback/defaults.xml] as its protocol is not one of file, http or https.
13:47:35,951 |-INFO in ch.qos.logback.core.model.processor.ConversionRuleModelHandler - registering conversion word applicationName with class [org.springframework.boot.logging.logback.ApplicationNameConverter]
13:47:35,952 |-INFO in ch.qos.logback.core.model.processor.ConversionRuleModelHandler - registering conversion word clr with class [org.springframework.boot.logging.logback.ColorConverter]
13:47:35,952 |-INFO in ch.qos.logback.core.model.processor.ConversionRuleModelHandler - registering conversion word correlationId with class [org.springframework.boot.logging.logback.CorrelationIdConverter]
13:47:35,952 |-INFO in ch.qos.logback.core.model.processor.ConversionRuleModelHandler - registering conversion word esb with class [org.springframework.boot.logging.logback.EnclosedInSquareBracketsConverter]
13:47:35,953 |-INFO in ch.qos.logback.core.model.processor.ConversionRuleModelHandler - registering conversion word wex with class [org.springframework.boot.logging.logback.WhitespaceThrowableProxyConverter]
13:47:35,953 |-INFO in ch.qos.logback.core.model.processor.ConversionRuleModelHandler - registering conversion word wEx with class [org.springframework.boot.logging.logback.ExtendedWhitespaceThrowableProxyConverter]
13:47:35,955 |-INFO in ch.qos.logback.core.model.processor.ModelInterpretationContext@4d354a3e - value "%clr(%d{yyyy-MM-dd'T'HH:mm:ss.SSSXXX}){faint} %clr(%5p){} %clr(3220){magenta} %clr(--- %esb(){APPLICATION_NAME}%esb{APPLICATION_GROUP}[%15.15t] ){faint}%clr(%-40.40logger{39}){cyan} %clr(:){faint} %m%n%wEx" substituted for "${CONSOLE_LOG_PATTERN:-%clr(%d{${LOG_DATEFORMAT_PATTERN:-yyyy-MM-dd'T'HH:mm:ss.SSSXXX}}){faint} %clr(${LOG_LEVEL_PATTERN:-%5p}){} %clr(${PID:-}){magenta} %clr(--- %esb(){APPLICATION_NAME}%esb{APPLICATION_GROUP}[%15.15t] ${LOG_CORRELATION_PATTERN:-}){faint}%clr(%-40.40logger{39}){cyan} %clr(:){faint} %m%n${LOG_EXCEPTION_CONVERSION_WORD:-%wEx}}"
13:47:35,955 |-INFO in ch.qos.logback.core.model.processor.ModelInterpretationContext@4d354a3e - value "windows-1252" substituted for "${CONSOLE_LOG_CHARSET:-${file.encoding:-UTF-8}}"
13:47:35,955 |-INFO in ch.qos.logback.core.model.processor.ModelInterpretationContext@4d354a3e - value "TRACE" substituted for "${CONSOLE_LOG_THRESHOLD:-TRACE}"
13:47:35,955 |-INFO in ch.qos.logback.core.model.processor.ModelInterpretationContext@4d354a3e - value "" substituted for "${CONSOLE_LOG_STRUCTURED_FORMAT:-}"
13:47:35,955 |-INFO in ch.qos.logback.core.model.processor.ModelInterpretationContext@4d354a3e - value "%d{yyyy-MM-dd'T'HH:mm:ss.SSSXXX} %5p 3220 --- %esb(){APPLICATION_NAME}%esb{APPLICATION_GROUP}[%t] %-40.40logger{39} : %m%n%wEx" substituted for "${FILE_LOG_PATTERN:-%d{${LOG_DATEFORMAT_PATTERN:-yyyy-MM-dd'T'HH:mm:ss.SSSXXX}} ${LOG_LEVEL_PATTERN:-%5p} ${PID:-} --- %esb(){APPLICATION_NAME}%esb{APPLICATION_GROUP}[%t] ${LOG_CORRELATION_PATTERN:-}%-40.40logger{39} : %m%n${LOG_EXCEPTION_CONVERSION_WORD:-%wEx}}"
13:47:35,955 |-INFO in ch.qos.logback.core.model.processor.ModelInterpretationContext@4d354a3e - value "windows-1252" substituted for "${FILE_LOG_CHARSET:-${file.encoding:-UTF-8}}"
13:47:35,955 |-INFO in ch.qos.logback.core.model.processor.ModelInterpretationContext@4d354a3e - value "TRACE" substituted for "${FILE_LOG_THRESHOLD:-TRACE}"
13:47:35,955 |-INFO in ch.qos.logback.core.model.processor.ModelInterpretationContext@4d354a3e - value "" substituted for "${FILE_LOG_STRUCTURED_FORMAT:-}"
13:47:35,956 |-INFO in ch.qos.logback.core.model.processor.ModelInterpretationContext@4d354a3e - value "C:\Users\User\AppData\Local\Temp\/spring.log" substituted for "${LOG_FILE:-${LOG_PATH:-${LOG_TEMP:-${java.io.tmpdir:-/tmp}}}/spring.log}"
13:47:35,957 |-INFO in ch.qos.logback.core.joran.util.ConfigurationWatchListUtil@e62319f - Adding [jar:file:/C:/Users/User/.m2/repository/org/springframework/boot/spring-boot/3.4.8/spring-boot-3.4.8.jar!/org/springframework/boot/logging/logback/console-appender.xml] to configuration watch list.
13:47:35,957 |-INFO in ConfigurationWatchList(mainURL=file:/E:/javaProject-gitHub-public/monitoring-service/monitoring-service/target/classes/logback-spring.xml, fileWatchList={E:\javaProject-gitHub-public\monitoring-service\monitoring-service\target\classes\logback-spring.xml}, urlWatchList=[}) - Cannot watch [jar:file:/C:/Users/User/.m2/repository/org/springframework/boot/spring-boot/3.4.8/spring-boot-3.4.8.jar!/org/springframework/boot/logging/logback/console-appender.xml] as its protocol is not one of file, http or https.
13:47:35,963 |-INFO in ch.qos.logback.core.joran.util.ConfigurationWatchListUtil@e62319f - Adding [jar:file:/C:/Users/User/.m2/repository/org/springframework/boot/spring-boot/3.4.8/spring-boot-3.4.8.jar!/org/springframework/boot/logging/logback/file-appender.xml] to configuration watch list.
13:47:35,963 |-INFO in ConfigurationWatchList(mainURL=file:/E:/javaProject-gitHub-public/monitoring-service/monitoring-service/target/classes/logback-spring.xml, fileWatchList={E:\javaProject-gitHub-public\monitoring-service\monitoring-service\target\classes\logback-spring.xml}, urlWatchList=[}) - Cannot watch [jar:file:/C:/Users/User/.m2/repository/org/springframework/boot/spring-boot/3.4.8/spring-boot-3.4.8.jar!/org/springframework/boot/logging/logback/file-appender.xml] as its protocol is not one of file, http or https.
13:47:35,967 |-INFO in ch.qos.logback.core.model.processor.ModelInterpretationContext@4d354a3e - value "logs/monitoring-service.log" substituted for "${LOG_PATH}/monitoring-service.log"
13:47:35,972 |-INFO in ch.qos.logback.classic.model.processor.ConfigurationModelHandlerFull - Registering a new ReconfigureOnChangeTask ReconfigureOnChangeTask(born:1759227455969)
13:47:35,972 |-INFO in ch.qos.logback.classic.model.processor.ConfigurationModelHandlerFull - No 'scanPeriod' specified. Defaulting to 1 minutes
13:47:35,972 |-INFO in ch.qos.logback.classic.model.processor.ConfigurationModelHandlerFull - Will scan for changes in [ConfigurationWatchList(mainURL=file:/E:/javaProject-gitHub-public/monitoring-service/monitoring-service/target/classes/logback-spring.xml, fileWatchList={E:\javaProject-gitHub-public\monitoring-service\monitoring-service\target\classes\logback-spring.xml}, urlWatchList=[})] 
13:47:35,972 |-INFO in ch.qos.logback.classic.model.processor.ConfigurationModelHandlerFull - Setting ReconfigureOnChangeTask scanning period to 1 minutes
13:47:35,978 |-INFO in ch.qos.logback.classic.model.processor.LoggerModelHandler - Setting level of logger [org.apache.catalina.startup.DigesterFactory] to ERROR
13:47:35,978 |-INFO in ch.qos.logback.classic.jul.LevelChangePropagator@24a0c58b - Propagating ERROR level on Logger[org.apache.catalina.startup.DigesterFactory] onto the JUL framework
13:47:35,979 |-INFO in ch.qos.logback.classic.model.processor.LoggerModelHandler - Setting level of logger [org.apache.catalina.util.LifecycleBase] to ERROR
13:47:35,979 |-INFO in ch.qos.logback.classic.jul.LevelChangePropagator@24a0c58b - Propagating ERROR level on Logger[org.apache.catalina.util.LifecycleBase] onto the JUL framework
13:47:35,979 |-INFO in ch.qos.logback.classic.model.processor.LoggerModelHandler - Setting level of logger [org.apache.coyote.http11.Http11NioProtocol] to WARN
13:47:35,979 |-INFO in ch.qos.logback.classic.jul.LevelChangePropagator@24a0c58b - Propagating WARN level on Logger[org.apache.coyote.http11.Http11NioProtocol] onto the JUL framework
13:47:35,979 |-INFO in ch.qos.logback.classic.model.processor.LoggerModelHandler - Setting level of logger [org.apache.sshd.common.util.SecurityUtils] to WARN
13:47:35,979 |-INFO in ch.qos.logback.classic.jul.LevelChangePropagator@24a0c58b - Propagating WARN level on Logger[org.apache.sshd.common.util.SecurityUtils] onto the JUL framework
13:47:35,979 |-INFO in ch.qos.logback.classic.model.processor.LoggerModelHandler - Setting level of logger [org.apache.tomcat.util.net.NioSelectorPool] to WARN
13:47:35,979 |-INFO in ch.qos.logback.classic.jul.LevelChangePropagator@24a0c58b - Propagating WARN level on Logger[org.apache.tomcat.util.net.NioSelectorPool] onto the JUL framework
13:47:35,979 |-INFO in ch.qos.logback.classic.model.processor.LoggerModelHandler - Setting level of logger [org.eclipse.jetty.util.component.AbstractLifeCycle] to ERROR
13:47:35,979 |-INFO in ch.qos.logback.classic.jul.LevelChangePropagator@24a0c58b - Propagating ERROR level on Logger[org.eclipse.jetty.util.component.AbstractLifeCycle] onto the JUL framework
13:47:35,979 |-INFO in ch.qos.logback.classic.model.processor.LoggerModelHandler - Setting level of logger [org.hibernate.validator.internal.util.Version] to WARN
13:47:35,979 |-INFO in ch.qos.logback.classic.jul.LevelChangePropagator@24a0c58b - Propagating WARN level on Logger[org.hibernate.validator.internal.util.Version] onto the JUL framework
13:47:35,979 |-INFO in ch.qos.logback.classic.model.processor.LoggerModelHandler - Setting level of logger [org.springframework.boot.actuate.endpoint.jmx] to WARN
13:47:35,979 |-INFO in ch.qos.logback.classic.jul.LevelChangePropagator@24a0c58b - Propagating WARN level on Logger[org.springframework.boot.actuate.endpoint.jmx] onto the JUL framework
13:47:35,979 |-INFO in ch.qos.logback.core.model.processor.AppenderModelHandler - Processing appender named [CONSOLE]
13:47:35,979 |-INFO in ch.qos.logback.core.model.processor.AppenderModelHandler - About to instantiate appender of type [ch.qos.logback.core.ConsoleAppender]
13:47:35,986 |-INFO in ch.qos.logback.core.model.processor.ModelInterpretationContext@4d354a3e - value "TRACE" substituted for "${CONSOLE_LOG_THRESHOLD}"
13:47:35,987 |-INFO in ch.qos.logback.core.model.processor.ImplicitModelHandler - Assuming default type [ch.qos.logback.classic.encoder.PatternLayoutEncoder] for [encoder] property
13:47:35,988 |-INFO in ch.qos.logback.core.model.processor.ModelInterpretationContext@4d354a3e - value "%clr(%d{yyyy-MM-dd'T'HH:mm:ss.SSSXXX}){faint} %clr(%5p){} %clr(3220){magenta} %clr(--- %esb(){APPLICATION_NAME}%esb{APPLICATION_GROUP}[%15.15t] ){faint}%clr(%-40.40logger{39}){cyan} %clr(:){faint} %m%n%wEx" substituted for "${CONSOLE_LOG_PATTERN}"
13:47:35,988 |-INFO in ch.qos.logback.core.model.processor.ModelInterpretationContext@4d354a3e - value "windows-1252" substituted for "${CONSOLE_LOG_CHARSET}"
13:47:36,027 |-INFO in ch.qos.logback.core.ConsoleAppender[CONSOLE] - BEWARE: Writing to the console can be very slow. Avoid logging to the 
13:47:36,027 |-INFO in ch.qos.logback.core.ConsoleAppender[CONSOLE] - console in production environments, especially in high volume systems.
13:47:36,027 |-INFO in ch.qos.logback.core.ConsoleAppender[CONSOLE] - See also https://logback.qos.ch/codes.html#slowConsole
13:47:36,027 |-INFO in ch.qos.logback.core.model.processor.AppenderModelHandler - Processing appender named [FILE]
13:47:36,027 |-INFO in ch.qos.logback.core.model.processor.AppenderModelHandler - About to instantiate appender of type [ch.qos.logback.core.rolling.RollingFileAppender]
13:47:36,031 |-INFO in ch.qos.logback.core.model.processor.ModelInterpretationContext@4d354a3e - value "TRACE" substituted for "${FILE_LOG_THRESHOLD}"
13:47:36,033 |-INFO in ch.qos.logback.core.model.processor.ImplicitModelHandler - Assuming default type [ch.qos.logback.classic.encoder.PatternLayoutEncoder] for [encoder] property
13:47:36,033 |-INFO in ch.qos.logback.core.model.processor.ModelInterpretationContext@4d354a3e - value "%d{yyyy-MM-dd'T'HH:mm:ss.SSSXXX} %5p 3220 --- %esb(){APPLICATION_NAME}%esb{APPLICATION_GROUP}[%t] %-40.40logger{39} : %m%n%wEx" substituted for "${FILE_LOG_PATTERN}"
13:47:36,033 |-INFO in ch.qos.logback.core.model.processor.ModelInterpretationContext@4d354a3e - value "windows-1252" substituted for "${FILE_LOG_CHARSET}"
13:47:36,033 |-INFO in ch.qos.logback.core.model.processor.ModelInterpretationContext@4d354a3e - value "C:\Users\User\AppData\Local\Temp\/spring.log" substituted for "${LOG_FILE}"
13:47:36,036 |-INFO in ch.qos.logback.core.model.processor.ModelInterpretationContext@4d354a3e - value "C:\Users\User\AppData\Local\Temp\/spring.log.%d{yyyy-MM-dd}.%i.gz" substituted for "${LOGBACK_ROLLINGPOLICY_FILE_NAME_PATTERN:-${LOG_FILE}.%d{yyyy-MM-dd}.%i.gz}"
13:47:36,036 |-INFO in ch.qos.logback.core.model.processor.ModelInterpretationContext@4d354a3e - value "false" substituted for "${LOGBACK_ROLLINGPOLICY_CLEAN_HISTORY_ON_START:-false}"
13:47:36,037 |-INFO in ch.qos.logback.core.model.processor.ModelInterpretationContext@4d354a3e - value "10MB" substituted for "${LOGBACK_ROLLINGPOLICY_MAX_FILE_SIZE:-10MB}"
13:47:36,037 |-INFO in ch.qos.logback.core.model.processor.ModelInterpretationContext@4d354a3e - value "0" substituted for "${LOGBACK_ROLLINGPOLICY_TOTAL_SIZE_CAP:-0}"
13:47:36,037 |-INFO in c.q.l.core.rolling.SizeAndTimeBasedRollingPolicy@1615669446 - setting totalSizeCap to 0 Bytes
13:47:36,037 |-INFO in ch.qos.logback.core.model.processor.ModelInterpretationContext@4d354a3e - value "7" substituted for "${LOGBACK_ROLLINGPOLICY_MAX_HISTORY:-7}"
13:47:36,039 |-INFO in c.q.l.core.rolling.SizeAndTimeBasedRollingPolicy@1615669446 - Archive files will be limited to [10 MB] each.
13:47:36,039 |-INFO in c.q.l.core.rolling.SizeAndTimeBasedRollingPolicy@1615669446 - Will use gz compression
13:47:36,044 |-INFO in c.q.l.core.rolling.SizeAndTimeBasedRollingPolicy@1615669446 - Will use the pattern C:/Users/User/AppData/Local/Temp//spring.log.%d{yyyy-MM-dd}.%i for the active file
13:47:36,046 |-INFO in ch.qos.logback.core.rolling.SizeAndTimeBasedFileNamingAndTriggeringPolicy@7f3c0399 - The date pattern is 'yyyy-MM-dd' from file name pattern 'C:/Users/User/AppData/Local/Temp//spring.log.%d{yyyy-MM-dd}.%i.gz'.
13:47:36,046 |-INFO in ch.qos.logback.core.rolling.SizeAndTimeBasedFileNamingAndTriggeringPolicy@7f3c0399 - Roll-over at midnight.
13:47:36,048 |-INFO in ch.qos.logback.core.rolling.SizeAndTimeBasedFileNamingAndTriggeringPolicy@7f3c0399 - Setting initial period to 2025-09-30T10:17:11.621Z
13:47:36,053 |-INFO in ch.qos.logback.core.rolling.RollingFileAppender[FILE] - Active log file name: C:\Users\User\AppData\Local\Temp\/spring.log
13:47:36,056 |-INFO in ch.qos.logback.core.rolling.RollingFileAppender[FILE] - Setting currentFileLength to 86928 for C:\Users\User\AppData\Local\Temp\spring.log
13:47:36,057 |-INFO in ch.qos.logback.core.rolling.RollingFileAppender[FILE] - File property is set to [C:\Users\User\AppData\Local\Temp\/spring.log]
13:47:36,059 |-INFO in ch.qos.logback.classic.model.processor.RootLoggerModelHandler - Setting level of ROOT logger to INFO
13:47:36,059 |-INFO in ch.qos.logback.classic.jul.LevelChangePropagator@24a0c58b - Propagating INFO level on Logger[ROOT] onto the JUL framework
13:47:36,059 |-INFO in ch.qos.logback.core.model.processor.AppenderRefModelHandler - Attaching appender named [CONSOLE] to Logger[ROOT]
13:47:36,059 |-INFO in ch.qos.logback.core.model.processor.AppenderRefModelHandler - Attaching appender named [FILE] to Logger[ROOT]
13:47:36,059 |-INFO in ch.qos.logback.core.model.processor.AppenderModelHandler - Processing appender named [Console]
13:47:36,059 |-INFO in ch.qos.logback.core.model.processor.AppenderModelHandler - About to instantiate appender of type [ch.qos.logback.core.ConsoleAppender]
13:47:36,060 |-INFO in ch.qos.logback.core.ConsoleAppender[Console] - BEWARE: Writing to the console can be very slow. Avoid logging to the 
13:47:36,060 |-INFO in ch.qos.logback.core.ConsoleAppender[Console] - console in production environments, especially in high volume systems.
13:47:36,060 |-INFO in ch.qos.logback.core.ConsoleAppender[Console] - See also https://logback.qos.ch/codes.html#slowConsole
13:47:36,060 |-INFO in ch.qos.logback.core.model.processor.AppenderModelHandler - Processing appender named [RollingFile]
13:47:36,060 |-INFO in ch.qos.logback.core.model.processor.AppenderModelHandler - About to instantiate appender of type [ch.qos.logback.core.rolling.RollingFileAppender]
13:47:36,060 |-INFO in ch.qos.logback.core.model.processor.ModelInterpretationContext@4d354a3e - value "logs/monitoring-service.log" substituted for "${FILE_NAME}"
13:47:36,061 |-INFO in ch.qos.logback.core.model.processor.ModelInterpretationContext@4d354a3e - value "logs/monitoring-service-%d{yyyy-MM-dd}.log" substituted for "${LOG_PATH}/monitoring-service-%d{yyyy-MM-dd}.log"
13:47:36,061 |-INFO in c.q.l.core.rolling.TimeBasedRollingPolicy@406831866 - No compression will be used
13:47:36,062 |-INFO in c.q.l.core.rolling.TimeBasedRollingPolicy@406831866 - Will use the pattern logs/monitoring-service-%d{yyyy-MM-dd}.log for the active file
13:47:36,062 |-INFO in c.q.l.core.rolling.DefaultTimeBasedFileNamingAndTriggeringPolicy - The date pattern is 'yyyy-MM-dd' from file name pattern 'logs/monitoring-service-%d{yyyy-MM-dd}.log'.
13:47:36,062 |-INFO in c.q.l.core.rolling.DefaultTimeBasedFileNamingAndTriggeringPolicy - Roll-over at midnight.
13:47:36,063 |-INFO in c.q.l.core.rolling.DefaultTimeBasedFileNamingAndTriggeringPolicy - Setting initial period to 2025-09-30T10:10:45.036Z
13:47:36,064 |-INFO in c.q.l.core.rolling.TimeBasedRollingPolicy@406831866 - Cleaning on start up
13:47:36,064 |-INFO in c.q.l.core.rolling.helper.TimeBasedArchiveRemover - first clean up after appender initialization
13:47:36,065 |-INFO in c.q.l.core.rolling.helper.TimeBasedArchiveRemover - Multiple periods, i.e. 32 periods, seem to have elapsed. This can happen at application start.
13:47:36,080 |-INFO in ch.qos.logback.core.model.processor.ImplicitModelHandler - Assuming default type [net.logstash.logback.composite.loggingevent.LoggingEventJsonProviders] for [providers] property
13:47:36,089 |-INFO in ch.qos.logback.core.model.processor.ImplicitModelHandler - Assuming default type [net.logstash.logback.composite.loggingevent.LoggingEventFormattedTimestampJsonProvider] for [timestamp] property
13:47:36,091 |-INFO in ch.qos.logback.core.model.processor.ImplicitModelHandler - Assuming default type [net.logstash.logback.composite.loggingevent.LogLevelJsonProvider] for [logLevel] property
13:47:36,092 |-INFO in ch.qos.logback.core.model.processor.ImplicitModelHandler - Assuming default type [net.logstash.logback.composite.loggingevent.LoggingEventThreadNameJsonProvider] for [threadName] property
13:47:36,093 |-INFO in ch.qos.logback.core.model.processor.ImplicitModelHandler - Assuming default type [net.logstash.logback.composite.loggingevent.LoggerNameJsonProvider] for [loggerName] property
13:47:36,093 |-INFO in ch.qos.logback.core.model.processor.ImplicitModelHandler - Assuming default type [net.logstash.logback.composite.loggingevent.MessageJsonProvider] for [message] property
13:47:36,094 |-INFO in ch.qos.logback.core.model.processor.ImplicitModelHandler - Assuming default type [net.logstash.logback.composite.loggingevent.MdcJsonProvider] for [mdc] property
13:47:36,095 |-INFO in ch.qos.logback.core.model.processor.ImplicitModelHandler - Assuming default type [net.logstash.logback.fieldnames.LogstashFieldNames] for [fieldNames] property
13:47:36,095 |-WARN in ch.qos.logback.core.model.processor.ImplicitModelHandler - Ignoring unknown property [entry] in [net.logstash.logback.fieldnames.LogstashFieldNames]
13:47:36,095 |-WARN in ch.qos.logback.core.model.processor.ImplicitModelHandler - Ignoring unknown property [entry] in [net.logstash.logback.fieldnames.LogstashFieldNames]
13:47:36,096 |-INFO in ch.qos.logback.core.model.processor.ImplicitModelHandler - Assuming default type [net.logstash.logback.composite.loggingevent.StackTraceJsonProvider] for [stackTrace] property
13:47:36,317 |-INFO in ch.qos.logback.core.rolling.RollingFileAppender[RollingFile] - Active log file name: logs/monitoring-service.log
13:47:36,317 |-INFO in ch.qos.logback.core.rolling.RollingFileAppender[RollingFile] - File property is set to [logs/monitoring-service.log]
13:47:36,318 |-INFO in ch.qos.logback.classic.model.processor.RootLoggerModelHandler - Setting level of ROOT logger to INFO
13:47:36,318 |-INFO in ch.qos.logback.core.model.processor.AppenderRefModelHandler - Attaching appender named [Console] to Logger[ROOT]
13:47:36,318 |-INFO in ch.qos.logback.core.model.processor.AppenderRefModelHandler - Attaching appender named [RollingFile] to Logger[ROOT]
13:47:36,318 |-INFO in ch.qos.logback.classic.model.processor.LoggerModelHandler - Setting level of logger [com.monitoring.monitoring_service] to DEBUG
13:47:36,318 |-INFO in ch.qos.logback.classic.jul.LevelChangePropagator@24a0c58b - Propagating DEBUG level on Logger[com.monitoring.monitoring_service] onto the JUL framework
13:47:36,318 |-INFO in ch.qos.logback.core.model.processor.DefaultProcessor@3a11c0eb - End of configuration.
13:47:36,318 |-INFO in org.springframework.boot.logging.logback.SpringBootJoranConfigurator@3313d477 - Registering current configuration as safe fallback point


  .   ____          _            __ _ _
 /\\ / ___'_ __ _ _(_)_ __  __ _ \ \ \ \
( ( )\___ | '_ | '_| | '_ \/ _` | \ \ \ \
 \\/  ___)| |_)| | | | | || (_| |  ) ) ) )
  '  |____| .__|_| |_|_| |_\__, | / / / /
 =========|_|==============|___/=/_/_/_/

 :: Spring Boot ::                (v3.4.8)

2025-09-30T13:47:36.459+03:30  INFO 3220 --- [           main] c.m.m.MonitoringServiceApplicationTests  : Starting MonitoringServiceApplicationTests using Java 17.0.12 with PID 3220 (started by User in E:\javaProject-gitHub-public\monitoring-service\monitoring-service)
2025-09-30 13:47:36.459 [main] INFO  c.m.m.MonitoringServiceApplicationTests - Starting MonitoringServiceApplicationTests using Java 17.0.12 with PID 3220 (started by User in E:\javaProject-gitHub-public\monitoring-service\monitoring-service) 
2025-09-30T13:47:36.474+03:30 DEBUG 3220 --- [           main] c.m.m.MonitoringServiceApplicationTests  : Running with Spring Boot v3.4.8, Spring v6.2.9
2025-09-30 13:47:36.474 [main] DEBUG c.m.m.MonitoringServiceApplicationTests - Running with Spring Boot v3.4.8, Spring v6.2.9 
2025-09-30T13:47:36.476+03:30  INFO 3220 --- [           main] c.m.m.MonitoringServiceApplicationTests  : No active profile set, falling back to 1 default profile: "default"
2025-09-30 13:47:36.476 [main] INFO  c.m.m.MonitoringServiceApplicationTests - No active profile set, falling back to 1 default profile: "default" 
2025-09-30T13:47:38.197+03:30  INFO 3220 --- [           main] .s.d.r.c.RepositoryConfigurationDelegate : Bootstrapping Spring Data JPA repositories in DEFAULT mode.
2025-09-30 13:47:38.197 [main] INFO  o.s.d.r.c.RepositoryConfigurationDelegate - Bootstrapping Spring Data JPA repositories in DEFAULT mode. 
2025-09-30T13:47:38.269+03:30  INFO 3220 --- [           main] .s.d.r.c.RepositoryConfigurationDelegate : Finished Spring Data repository scanning in 60 ms. Found 2 JPA repository interfaces.
2025-09-30 13:47:38.269 [main] INFO  o.s.d.r.c.RepositoryConfigurationDelegate - Finished Spring Data repository scanning in 60 ms. Found 2 JPA repository interfaces. 
2025-09-30T13:47:39.067+03:30  INFO 3220 --- [           main] o.hibernate.jpa.internal.util.LogHelper  : HHH000204: Processing PersistenceUnitInfo [name: default]
2025-09-30 13:47:39.067 [main] INFO  o.h.jpa.internal.util.LogHelper - HHH000204: Processing PersistenceUnitInfo [name: default] 
2025-09-30T13:47:39.150+03:30  INFO 3220 --- [           main] org.hibernate.Version                    : HHH000412: Hibernate ORM core version 6.6.22.Final
2025-09-30 13:47:39.150 [main] INFO  org.hibernate.Version - HHH000412: Hibernate ORM core version 6.6.22.Final 
2025-09-30T13:47:39.216+03:30  INFO 3220 --- [           main] o.h.c.internal.RegionFactoryInitiator    : HHH000026: Second-level cache disabled
2025-09-30 13:47:39.216 [main] INFO  o.h.c.i.RegionFactoryInitiator - HHH000026: Second-level cache disabled 
2025-09-30T13:47:39.406+03:30  INFO 3220 --- [           main] o.s.o.j.p.SpringPersistenceUnitInfo      : No LoadTimeWeaver setup: ignoring JPA class transformer
2025-09-30 13:47:39.406 [main] INFO  o.s.o.j.p.SpringPersistenceUnitInfo - No LoadTimeWeaver setup: ignoring JPA class transformer 
2025-09-30T13:47:39.440+03:30  INFO 3220 --- [           main] com.zaxxer.hikari.HikariDataSource       : HikariPool-1 - Starting...
2025-09-30 13:47:39.440 [main] INFO  com.zaxxer.hikari.HikariDataSource - HikariPool-1 - Starting... 
2025-09-30T13:47:39.656+03:30  INFO 3220 --- [           main] com.zaxxer.hikari.pool.HikariPool        : HikariPool-1 - Added connection conn0: url=jdbc:h2:mem:monitoring user=SA
2025-09-30 13:47:39.656 [main] INFO  com.zaxxer.hikari.pool.HikariPool - HikariPool-1 - Added connection conn0: url=jdbc:h2:mem:monitoring user=SA 
2025-09-30T13:47:39.659+03:30  INFO 3220 --- [           main] com.zaxxer.hikari.HikariDataSource       : HikariPool-1 - Start completed.
2025-09-30 13:47:39.659 [main] INFO  com.zaxxer.hikari.HikariDataSource - HikariPool-1 - Start completed. 
2025-09-30T13:47:39.688+03:30  WARN 3220 --- [           main] org.hibernate.orm.deprecation            : HHH90000025: H2Dialect does not need to be specified explicitly using 'hibernate.dialect' (remove the property setting and it will be selected by default)
2025-09-30 13:47:39.688 [main] WARN  org.hibernate.orm.deprecation - HHH90000025: H2Dialect does not need to be specified explicitly using 'hibernate.dialect' (remove the property setting and it will be selected by default) 
2025-09-30T13:47:39.720+03:30  INFO 3220 --- [           main] org.hibernate.orm.connections.pooling    : HHH10001005: Database info:
	Database JDBC URL [Connecting through datasource 'HikariDataSource (HikariPool-1)']
	Database driver: undefined/unknown
	Database version: 2.3.232
	Autocommit mode: undefined/unknown
	Isolation level: undefined/unknown
	Minimum pool size: undefined/unknown
	Maximum pool size: undefined/unknown
2025-09-30 13:47:39.720 [main] INFO  o.hibernate.orm.connections.pooling - HHH10001005: Database info:
	Database JDBC URL [Connecting through datasource 'HikariDataSource (HikariPool-1)']
	Database driver: undefined/unknown
	Database version: 2.3.232
	Autocommit mode: undefined/unknown
	Isolation level: undefined/unknown
	Minimum pool size: undefined/unknown
	Maximum pool size: undefined/unknown 
2025-09-30T13:47:40.604+03:30  INFO 3220 --- [           main] o.h.e.t.j.p.i.JtaPlatformInitiator       : HHH000489: No JTA platform available (set 'hibernate.transaction.jta.platform' to enable JTA platform integration)
2025-09-30 13:47:40.604 [main] INFO  o.h.e.t.j.p.i.JtaPlatformInitiator - HHH000489: No JTA platform available (set 'hibernate.transaction.jta.platform' to enable JTA platform integration) 
Hibernate: create table alarm_entity (id bigint generated by default as identity, message varchar(255), metric_name varchar(255), metric_value float(53) not null, service_name varchar(255), severity varchar(255), timestamp timestamp(6), primary key (id))
Hibernate: create table metric (id bigint generated by default as identity, cpu integer not null, memory integer not null, requests integer not null, service_name varchar(255), timestamp timestamp(6), primary key (id))
2025-09-30T13:47:40.680+03:30  INFO 3220 --- [           main] j.LocalContainerEntityManagerFactoryBean : Initialized JPA EntityManagerFactory for persistence unit 'default'
2025-09-30 13:47:40.680 [main] INFO  o.s.o.j.LocalContainerEntityManagerFactoryBean - Initialized JPA EntityManagerFactory for persistence unit 'default' 
2025-09-30T13:47:42.043+03:30  WARN 3220 --- [           main] JpaBaseConfiguration$JpaWebConfiguration : spring.jpa.open-in-view is enabled by default. Therefore, database queries may be performed during view rendering. Explicitly configure spring.jpa.open-in-view to disable this warning
2025-09-30 13:47:42.043 [main] WARN  o.s.b.a.o.j.JpaBaseConfiguration$JpaWebConfiguration - spring.jpa.open-in-view is enabled by default. Therefore, database queries may be performed during view rendering. Explicitly configure spring.jpa.open-in-view to disable this warning 
2025-09-30T13:47:43.726+03:30  INFO 3220 --- [           main] r$InitializeUserDetailsManagerConfigurer : Global AuthenticationManager configured with UserDetailsService bean with name inMemoryUserDetailsManager
2025-09-30 13:47:43.726 [main] INFO  o.s.s.c.a.a.c.InitializeUserDetailsBeanManagerConfigurer$InitializeUserDetailsManagerConfigurer - Global AuthenticationManager configured with UserDetailsService bean with name inMemoryUserDetailsManager 
2025-09-30T13:47:43.883+03:30  INFO 3220 --- [           main] o.s.b.a.e.web.EndpointLinksResolver      : Exposing 1 endpoint beneath base path '/actuator'
2025-09-30 13:47:43.883 [main] INFO  o.s.b.a.e.web.EndpointLinksResolver - Exposing 1 endpoint beneath base path '/actuator' 
2025-09-30T13:47:43.947+03:30  INFO 3220 --- [           main] o.s.b.a.h2.H2ConsoleAutoConfiguration    : H2 console available at '/h2-console'. Database available at 'jdbc:h2:mem:monitoring'
2025-09-30 13:47:43.947 [main] INFO  o.s.b.a.h.H2ConsoleAutoConfiguration - H2 console available at '/h2-console'. Database available at 'jdbc:h2:mem:monitoring' 
2025-09-30T13:47:44.140+03:30  INFO 3220 --- [           main] c.m.m.MonitoringServiceApplicationTests  : Started MonitoringServiceApplicationTests in 8.578 seconds (process running for 12.496)
2025-09-30 13:47:44.140 [main] INFO  c.m.m.MonitoringServiceApplicationTests - Started MonitoringServiceApplicationTests in 8.578 seconds (process running for 12.496) 
2025-09-30T13:47:44.210+03:30  INFO 3220 --- [           main] c.m.m.service.MetricsCollector           : Application fully started, executing initial metrics collection...
2025-09-30 13:47:44.210 [main] INFO  c.m.m.service.MetricsCollector - Application fully started, executing initial metrics collection... 
2025-09-30T13:47:44.276+03:30 ERROR 3220 --- [           main] c.m.m.service.MetricsCollector           : Failed to collect metrics from /metrics 

org.springframework.web.client.ResourceAccessException: I/O error on GET request for "http://localhost:8080/metrics": Connection refused: connect
	at org.springframework.web.client.RestTemplate.createResourceAccessException(RestTemplate.java:926)
	at org.springframework.web.client.RestTemplate.doExecute(RestTemplate.java:906)
	at org.springframework.web.client.RestTemplate.execute(RestTemplate.java:801)
	at org.springframework.web.client.RestTemplate.exchange(RestTemplate.java:683)
	at com.monitoring.monitoring_service.service.MetricsCollector.collectMetrics(MetricsCollector.java:88)
	at com.monitoring.monitoring_service.service.MetricsCollector.collectMetricsAfterStartup(MetricsCollector.java:69)
	at java.base/jdk.internal.reflect.NativeMethodAccessorImpl.invoke0(Native Method)
	at java.base/jdk.internal.reflect.NativeMethodAccessorImpl.invoke(NativeMethodAccessorImpl.java:77)
	at java.base/jdk.internal.reflect.DelegatingMethodAccessorImpl.invoke(DelegatingMethodAccessorImpl.java:43)
	at java.base/java.lang.reflect.Method.invoke(Method.java:568)
	at org.springframework.context.event.ApplicationListenerMethodAdapter.doInvoke(ApplicationListenerMethodAdapter.java:383)
	at org.springframework.context.event.ApplicationListenerMethodAdapter.processEvent(ApplicationListenerMethodAdapter.java:255)
	at org.springframework.context.event.ApplicationListenerMethodAdapter.onApplicationEvent(ApplicationListenerMethodAdapter.java:174)
	at org.springframework.context.event.SimpleApplicationEventMulticaster.doInvokeListener(SimpleApplicationEventMulticaster.java:185)
	at org.springframework.context.event.SimpleApplicationEventMulticaster.invokeListener(SimpleApplicationEventMulticaster.java:178)
	at org.springframework.context.event.SimpleApplicationEventMulticaster.multicastEvent(SimpleApplicationEventMulticaster.java:156)
	at org.springframework.context.support.AbstractApplicationContext.publishEvent(AbstractApplicationContext.java:454)
	at org.springframework.context.support.AbstractApplicationContext.publishEvent(AbstractApplicationContext.java:387)
	at org.springframework.boot.context.event.EventPublishingRunListener.ready(EventPublishingRunListener.java:109)
	at org.springframework.boot.SpringApplicationRunListeners.lambda$ready$6(SpringApplicationRunListeners.java:80)
	at java.base/java.lang.Iterable.forEach(Iterable.java:75)
	at org.springframework.boot.SpringApplicationRunListeners.doWithListeners(SpringApplicationRunListeners.java:118)
	at org.springframework.boot.SpringApplicationRunListeners.doWithListeners(SpringApplicationRunListeners.java:112)
	at org.springframework.boot.SpringApplicationRunListeners.ready(SpringApplicationRunListeners.java:80)
	at org.springframework.boot.SpringApplication.run(SpringApplication.java:332)
	at org.springframework.boot.test.context.SpringBootContextLoader.lambda$loadContext$3(SpringBootContextLoader.java:144)
	at org.springframework.util.function.ThrowingSupplier.get(ThrowingSupplier.java:58)
	at org.springframework.util.function.ThrowingSupplier.get(ThrowingSupplier.java:46)
	at org.springframework.boot.SpringApplication.withHook(SpringApplication.java:1461)
	at org.springframework.boot.test.context.SpringBootContextLoader$ContextLoaderHook.run(SpringBootContextLoader.java:563)
	at org.springframework.boot.test.context.SpringBootContextLoader.loadContext(SpringBootContextLoader.java:144)
	at org.springframework.boot.test.context.SpringBootContextLoader.loadContext(SpringBootContextLoader.java:110)
	at org.springframework.test.context.cache.DefaultCacheAwareContextLoaderDelegate.loadContextInternal(DefaultCacheAwareContextLoaderDelegate.java:225)
	at org.springframework.test.context.cache.DefaultCacheAwareContextLoaderDelegate.loadContext(DefaultCacheAwareContextLoaderDelegate.java:152)
	at org.springframework.test.context.support.DefaultTestContext.getApplicationContext(DefaultTestContext.java:130)
	at org.springframework.test.context.web.ServletTestExecutionListener.setUpRequestContextIfNecessary(ServletTestExecutionListener.java:200)
	at org.springframework.test.context.web.ServletTestExecutionListener.prepareTestInstance(ServletTestExecutionListener.java:139)
	at org.springframework.test.context.TestContextManager.prepareTestInstance(TestContextManager.java:260)
	at org.springframework.test.context.junit.jupiter.SpringExtension.postProcessTestInstance(SpringExtension.java:159)
	at org.junit.jupiter.engine.descriptor.ClassBasedTestDescriptor.lambda$invokeTestInstancePostProcessors$11(ClassBasedTestDescriptor.java:378)
	at org.junit.jupiter.engine.descriptor.ClassBasedTestDescriptor.executeAndMaskThrowable(ClassBasedTestDescriptor.java:383)
	at org.junit.jupiter.engine.descriptor.ClassBasedTestDescriptor.lambda$invokeTestInstancePostProcessors$12(ClassBasedTestDescriptor.java:378)
	at java.base/java.util.stream.ForEachOps$ForEachOp$OfRef.accept(ForEachOps.java:183)
	at java.base/java.util.stream.ReferencePipeline$3$1.accept(ReferencePipeline.java:197)
	at java.base/java.util.stream.ReferencePipeline$2$1.accept(ReferencePipeline.java:179)
	at java.base/java.util.stream.ReferencePipeline$3$1.accept(ReferencePipeline.java:197)
	at java.base/java.util.ArrayList$ArrayListSpliterator.forEachRemaining(ArrayList.java:1625)
	at java.base/java.util.stream.AbstractPipeline.copyInto(AbstractPipeline.java:509)
	at java.base/java.util.stream.AbstractPipeline.wrapAndCopyInto(AbstractPipeline.java:499)
	at java.base/java.util.stream.ForEachOps$ForEachOp.evaluateSequential(ForEachOps.java:150)
	at java.base/java.util.stream.ForEachOps$ForEachOp$OfRef.evaluateSequential(ForEachOps.java:173)
	at java.base/java.util.stream.AbstractPipeline.evaluate(AbstractPipeline.java:234)
	at java.base/java.util.stream.ReferencePipeline.forEach(ReferencePipeline.java:596)
	at org.junit.jupiter.engine.descriptor.ClassBasedTestDescriptor.invokeTestInstancePostProcessors(ClassBasedTestDescriptor.java:377)
	at org.junit.jupiter.engine.descriptor.ClassBasedTestDescriptor.lambda$instantiateAndPostProcessTestInstance$7(ClassBasedTestDescriptor.java:290)
	at org.junit.platform.engine.support.hierarchical.ThrowableCollector.execute(ThrowableCollector.java:73)
	at org.junit.jupiter.engine.descriptor.ClassBasedTestDescriptor.instantiateAndPostProcessTestInstance(ClassBasedTestDescriptor.java:289)
	at org.junit.jupiter.engine.descriptor.ClassBasedTestDescriptor.lambda$testInstancesProvider$5(ClassBasedTestDescriptor.java:279)
	at java.base/java.util.Optional.orElseGet(Optional.java:364)
	at org.junit.jupiter.engine.descriptor.ClassBasedTestDescriptor.lambda$testInstancesProvider$6(ClassBasedTestDescriptor.java:278)
	at org.junit.jupiter.engine.execution.TestInstancesProvider.getTestInstances(TestInstancesProvider.java:31)
	at org.junit.jupiter.engine.descriptor.TestMethodTestDescriptor.lambda$prepare$1(TestMethodTestDescriptor.java:105)
	at org.junit.platform.engine.support.hierarchical.ThrowableCollector.execute(ThrowableCollector.java:73)
	at org.junit.jupiter.engine.descriptor.TestMethodTestDescriptor.prepare(TestMethodTestDescriptor.java:104)
	at org.junit.jupiter.engine.descriptor.TestMethodTestDescriptor.prepare(TestMethodTestDescriptor.java:68)
	at org.junit.platform.engine.support.hierarchical.NodeTestTask.lambda$prepare$2(NodeTestTask.java:128)
	at org.junit.platform.engine.support.hierarchical.ThrowableCollector.execute(ThrowableCollector.java:73)
	at org.junit.platform.engine.support.hierarchical.NodeTestTask.prepare(NodeTestTask.java:128)
	at org.junit.platform.engine.support.hierarchical.NodeTestTask.execute(NodeTestTask.java:95)
	at java.base/java.util.ArrayList.forEach(ArrayList.java:1511)
	at org.junit.platform.engine.support.hierarchical.SameThreadHierarchicalTestExecutorService.invokeAll(SameThreadHierarchicalTestExecutorService.java:41)
	at org.junit.platform.engine.support.hierarchical.NodeTestTask.lambda$executeRecursively$6(NodeTestTask.java:160)
	at org.junit.platform.engine.support.hierarchical.ThrowableCollector.execute(ThrowableCollector.java:73)
	at org.junit.platform.engine.support.hierarchical.NodeTestTask.lambda$executeRecursively$8(NodeTestTask.java:146)
	at org.junit.platform.engine.support.hierarchical.Node.around(Node.java:137)
	at org.junit.platform.engine.support.hierarchical.NodeTestTask.lambda$executeRecursively$9(NodeTestTask.java:144)
	at org.junit.platform.engine.support.hierarchical.ThrowableCollector.execute(ThrowableCollector.java:73)
	at org.junit.platform.engine.support.hierarchical.NodeTestTask.executeRecursively(NodeTestTask.java:143)
	at org.junit.platform.engine.support.hierarchical.NodeTestTask.execute(NodeTestTask.java:100)
	at java.base/java.util.ArrayList.forEach(ArrayList.java:1511)
	at org.junit.platform.engine.support.hierarchical.SameThreadHierarchicalTestExecutorService.invokeAll(SameThreadHierarchicalTestExecutorService.java:41)
	at org.junit.platform.engine.support.hierarchical.NodeTestTask.lambda$executeRecursively$6(NodeTestTask.java:160)
	at org.junit.platform.engine.support.hierarchical.ThrowableCollector.execute(ThrowableCollector.java:73)
	at org.junit.platform.engine.support.hierarchical.NodeTestTask.lambda$executeRecursively$8(NodeTestTask.java:146)
	at org.junit.platform.engine.support.hierarchical.Node.around(Node.java:137)
	at org.junit.platform.engine.support.hierarchical.NodeTestTask.lambda$executeRecursively$9(NodeTestTask.java:144)
	at org.junit.platform.engine.support.hierarchical.ThrowableCollector.execute(ThrowableCollector.java:73)
	at org.junit.platform.engine.support.hierarchical.NodeTestTask.executeRecursively(NodeTestTask.java:143)
	at org.junit.platform.engine.support.hierarchical.NodeTestTask.execute(NodeTestTask.java:100)
	at org.junit.platform.engine.support.hierarchical.SameThreadHierarchicalTestExecutorService.submit(SameThreadHierarchicalTestExecutorService.java:35)
	at org.junit.platform.engine.support.hierarchical.HierarchicalTestExecutor.execute(HierarchicalTestExecutor.java:57)
	at org.junit.platform.engine.support.hierarchical.HierarchicalTestEngine.execute(HierarchicalTestEngine.java:54)
	at org.junit.platform.launcher.core.EngineExecutionOrchestrator.execute(EngineExecutionOrchestrator.java:198)
	at org.junit.platform.launcher.core.EngineExecutionOrchestrator.execute(EngineExecutionOrchestrator.java:169)
	at org.junit.platform.launcher.core.EngineExecutionOrchestrator.execute(EngineExecutionOrchestrator.java:93)
	at org.junit.platform.launcher.core.EngineExecutionOrchestrator.lambda$execute$0(EngineExecutionOrchestrator.java:58)
	at org.junit.platform.launcher.core.EngineExecutionOrchestrator.withInterceptedStreams(EngineExecutionOrchestrator.java:141)
	at org.junit.platform.launcher.core.EngineExecutionOrchestrator.execute(EngineExecutionOrchestrator.java:57)
	at org.junit.platform.launcher.core.DefaultLauncher.execute(DefaultLauncher.java:103)
	at org.junit.platform.launcher.core.DefaultLauncher.execute(DefaultLauncher.java:85)
	at org.junit.platform.launcher.core.DelegatingLauncher.execute(DelegatingLauncher.java:47)
	at org.apache.maven.surefire.junitplatform.LazyLauncher.execute(LazyLauncher.java:56)
	at org.apache.maven.surefire.junitplatform.JUnitPlatformProvider.execute(JUnitPlatformProvider.java:194)
	at org.apache.maven.surefire.junitplatform.JUnitPlatformProvider.invokeAllTests(JUnitPlatformProvider.java:150)
	at org.apache.maven.surefire.junitplatform.JUnitPlatformProvider.invoke(JUnitPlatformProvider.java:124)
	at org.apache.maven.surefire.booter.ForkedBooter.runSuitesInProcess(ForkedBooter.java:385)
	at org.apache.maven.surefire.booter.ForkedBooter.execute(ForkedBooter.java:162)
	at org.apache.maven.surefire.booter.ForkedBooter.run(ForkedBooter.java:507)
	at org.apache.maven.surefire.booter.ForkedBooter.main(ForkedBooter.java:495)
Caused by: java.net.ConnectException: Connection refused: connect
	at java.base/sun.nio.ch.Net.connect0(Native Method)
	at java.base/sun.nio.ch.Net.connect(Net.java:579)
	at java.base/sun.nio.ch.Net.connect(Net.java:568)
	at java.base/sun.nio.ch.NioSocketImpl.connect(NioSocketImpl.java:593)
	at java.base/java.net.Socket.connect(Socket.java:633)
	at java.base/java.net.Socket.connect(Socket.java:583)
	at java.base/sun.net.NetworkClient.doConnect(NetworkClient.java:183)
	at java.base/sun.net.www.http.HttpClient.openServer(HttpClient.java:534)
	at java.base/sun.net.www.http.HttpClient.openServer(HttpClient.java:639)
	at java.base/sun.net.www.http.HttpClient.<init>(HttpClient.java:282)
	at java.base/sun.net.www.http.HttpClient.New(HttpClient.java:387)
	at java.base/sun.net.www.http.HttpClient.New(HttpClient.java:409)
	at java.base/sun.net.www.protocol.http.HttpURLConnection.getNewHttpClient(HttpURLConnection.java:1308)
	at java.base/sun.net.www.protocol.http.HttpURLConnection.plainConnect0(HttpURLConnection.java:1241)
	at java.base/sun.net.www.protocol.http.HttpURLConnection.plainConnect(HttpURLConnection.java:1127)
	at java.base/sun.net.www.protocol.http.HttpURLConnection.connect(HttpURLConnection.java:1056)
	at org.springframework.http.client.SimpleClientHttpRequest.executeInternal(SimpleClientHttpRequest.java:79)
	at org.springframework.http.client.AbstractStreamingClientHttpRequest.executeInternal(AbstractStreamingClientHttpRequest.java:71)
	at org.springframework.http.client.AbstractClientHttpRequest.execute(AbstractClientHttpRequest.java:81)
	at org.springframework.web.client.RestTemplate.doExecute(RestTemplate.java:900)
	... 107 common frames omitted

2025-09-30 13:47:44.276 [main] ERROR c.m.m.service.MetricsCollector - Failed to collect metrics from /metrics  
org.springframework.web.client.ResourceAccessException: I/O error on GET request for "http://localhost:8080/metrics": Connection refused: connect
	at org.springframework.web.client.RestTemplate.createResourceAccessException(RestTemplate.java:926)
	at org.springframework.web.client.RestTemplate.doExecute(RestTemplate.java:906)
	at org.springframework.web.client.RestTemplate.execute(RestTemplate.java:801)
	at org.springframework.web.client.RestTemplate.exchange(RestTemplate.java:683)
	at com.monitoring.monitoring_service.service.MetricsCollector.collectMetrics(MetricsCollector.java:88)
	at com.monitoring.monitoring_service.service.MetricsCollector.collectMetricsAfterStartup(MetricsCollector.java:69)
	at java.base/jdk.internal.reflect.NativeMethodAccessorImpl.invoke0(Native Method)
	at java.base/jdk.internal.reflect.NativeMethodAccessorImpl.invoke(NativeMethodAccessorImpl.java:77)
	at java.base/jdk.internal.reflect.DelegatingMethodAccessorImpl.invoke(DelegatingMethodAccessorImpl.java:43)
	at java.base/java.lang.reflect.Method.invoke(Method.java:568)
	at org.springframework.context.event.ApplicationListenerMethodAdapter.doInvoke(ApplicationListenerMethodAdapter.java:383)
	at org.springframework.context.event.ApplicationListenerMethodAdapter.processEvent(ApplicationListenerMethodAdapter.java:255)
	at org.springframework.context.event.ApplicationListenerMethodAdapter.onApplicationEvent(ApplicationListenerMethodAdapter.java:174)
	at org.springframework.context.event.SimpleApplicationEventMulticaster.doInvokeListener(SimpleApplicationEventMulticaster.java:185)
	at org.springframework.context.event.SimpleApplicationEventMulticaster.invokeListener(SimpleApplicationEventMulticaster.java:178)
	at org.springframework.context.event.SimpleApplicationEventMulticaster.multicastEvent(SimpleApplicationEventMulticaster.java:156)
	at org.springframework.context.support.AbstractApplicationContext.publishEvent(AbstractApplicationContext.java:454)
	at org.springframework.context.support.AbstractApplicationContext.publishEvent(AbstractApplicationContext.java:387)
	at org.springframework.boot.context.event.EventPublishingRunListener.ready(EventPublishingRunListener.java:109)
	at org.springframework.boot.SpringApplicationRunListeners.lambda$ready$6(SpringApplicationRunListeners.java:80)
	at java.base/java.lang.Iterable.forEach(Iterable.java:75)
	at org.springframework.boot.SpringApplicationRunListeners.doWithListeners(SpringApplicationRunListeners.java:118)
	at org.springframework.boot.SpringApplicationRunListeners.doWithListeners(SpringApplicationRunListeners.java:112)
	at org.springframework.boot.SpringApplicationRunListeners.ready(SpringApplicationRunListeners.java:80)
	at org.springframework.boot.SpringApplication.run(SpringApplication.java:332)
	at org.springframework.boot.test.context.SpringBootContextLoader.lambda$loadContext$3(SpringBootContextLoader.java:144)
	at org.springframework.util.function.ThrowingSupplier.get(ThrowingSupplier.java:58)
	at org.springframework.util.function.ThrowingSupplier.get(ThrowingSupplier.java:46)
	at org.springframework.boot.SpringApplication.withHook(SpringApplication.java:1461)
	at org.springframework.boot.test.context.SpringBootContextLoader$ContextLoaderHook.run(SpringBootContextLoader.java:563)
	at org.springframework.boot.test.context.SpringBootContextLoader.loadContext(SpringBootContextLoader.java:144)
	at org.springframework.boot.test.context.SpringBootContextLoader.loadContext(SpringBootContextLoader.java:110)
	at org.springframework.test.context.cache.DefaultCacheAwareContextLoaderDelegate.loadContextInternal(DefaultCacheAwareContextLoaderDelegate.java:225)
	at org.springframework.test.context.cache.DefaultCacheAwareContextLoaderDelegate.loadContext(DefaultCacheAwareContextLoaderDelegate.java:152)
	at org.springframework.test.context.support.DefaultTestContext.getApplicationContext(DefaultTestContext.java:130)
	at org.springframework.test.context.web.ServletTestExecutionListener.setUpRequestContextIfNecessary(ServletTestExecutionListener.java:200)
	at org.springframework.test.context.web.ServletTestExecutionListener.prepareTestInstance(ServletTestExecutionListener.java:139)
	at org.springframework.test.context.TestContextManager.prepareTestInstance(TestContextManager.java:260)
	at org.springframework.test.context.junit.jupiter.SpringExtension.postProcessTestInstance(SpringExtension.java:159)
	at org.junit.jupiter.engine.descriptor.ClassBasedTestDescriptor.lambda$invokeTestInstancePostProcessors$11(ClassBasedTestDescriptor.java:378)
	at org.junit.jupiter.engine.descriptor.ClassBasedTestDescriptor.executeAndMaskThrowable(ClassBasedTestDescriptor.java:383)
	at org.junit.jupiter.engine.descriptor.ClassBasedTestDescriptor.lambda$invokeTestInstancePostProcessors$12(ClassBasedTestDescriptor.java:378)
	at java.base/java.util.stream.ForEachOps$ForEachOp$OfRef.accept(ForEachOps.java:183)
	at java.base/java.util.stream.ReferencePipeline$3$1.accept(ReferencePipeline.java:197)
	at java.base/java.util.stream.ReferencePipeline$2$1.accept(ReferencePipeline.java:179)
	at java.base/java.util.stream.ReferencePipeline$3$1.accept(ReferencePipeline.java:197)
	at java.base/java.util.ArrayList$ArrayListSpliterator.forEachRemaining(ArrayList.java:1625)
	at java.base/java.util.stream.AbstractPipeline.copyInto(AbstractPipeline.java:509)
	at java.base/java.util.stream.AbstractPipeline.wrapAndCopyInto(AbstractPipeline.java:499)
	at java.base/java.util.stream.ForEachOps$ForEachOp.evaluateSequential(ForEachOps.java:150)
	at java.base/java.util.stream.ForEachOps$ForEachOp$OfRef.evaluateSequential(ForEachOps.java:173)
	at java.base/java.util.stream.AbstractPipeline.evaluate(AbstractPipeline.java:234)
	at java.base/java.util.stream.ReferencePipeline.forEach(ReferencePipeline.java:596)
	at org.junit.jupiter.engine.descriptor.ClassBasedTestDescriptor.invokeTestInstancePostProcessors(ClassBasedTestDescriptor.java:377)
	at org.junit.jupiter.engine.descriptor.ClassBasedTestDescriptor.lambda$instantiateAndPostProcessTestInstance$7(ClassBasedTestDescriptor.java:290)
	at org.junit.platform.engine.support.hierarchical.ThrowableCollector.execute(ThrowableCollector.java:73)
	at org.junit.jupiter.engine.descriptor.ClassBasedTestDescriptor.instantiateAndPostProcessTestInstance(ClassBasedTestDescriptor.java:289)
	at org.junit.jupiter.engine.descriptor.ClassBasedTestDescriptor.lambda$testInstancesProvider$5(ClassBasedTestDescriptor.java:279)
	at java.base/java.util.Optional.orElseGet(Optional.java:364)
	at org.junit.jupiter.engine.descriptor.ClassBasedTestDescriptor.lambda$testInstancesProvider$6(ClassBasedTestDescriptor.java:278)
	at org.junit.jupiter.engine.execution.TestInstancesProvider.getTestInstances(TestInstancesProvider.java:31)
	at org.junit.jupiter.engine.descriptor.TestMethodTestDescriptor.lambda$prepare$1(TestMethodTestDescriptor.java:105)
	at org.junit.platform.engine.support.hierarchical.ThrowableCollector.execute(ThrowableCollector.java:73)
	at org.junit.jupiter.engine.descriptor.TestMethodTestDescriptor.prepare(TestMethodTestDescriptor.java:104)
	at org.junit.jupiter.engine.descriptor.TestMethodTestDescriptor.prepare(TestMethodTestDescriptor.java:68)
	at org.junit.platform.engine.support.hierarchical.NodeTestTask.lambda$prepare$2(NodeTestTask.java:128)
	at org.junit.platform.engine.support.hierarchical.ThrowableCollector.execute(ThrowableCollector.java:73)
	at org.junit.platform.engine.support.hierarchical.NodeTestTask.prepare(NodeTestTask.java:128)
	at org.junit.platform.engine.support.hierarchical.NodeTestTask.execute(NodeTestTask.java:95)
	at java.base/java.util.ArrayList.forEach(ArrayList.java:1511)
	at org.junit.platform.engine.support.hierarchical.SameThreadHierarchicalTestExecutorService.invokeAll(SameThreadHierarchicalTestExecutorService.java:41)
	at org.junit.platform.engine.support.hierarchical.NodeTestTask.lambda$executeRecursively$6(NodeTestTask.java:160)
	at org.junit.platform.engine.support.hierarchical.ThrowableCollector.execute(ThrowableCollector.java:73)
	at org.junit.platform.engine.support.hierarchical.NodeTestTask.lambda$executeRecursively$8(NodeTestTask.java:146)
	at org.junit.platform.engine.support.hierarchical.Node.around(Node.java:137)
	at org.junit.platform.engine.support.hierarchical.NodeTestTask.lambda$executeRecursively$9(NodeTestTask.java:144)
	at org.junit.platform.engine.support.hierarchical.ThrowableCollector.execute(ThrowableCollector.java:73)
	at org.junit.platform.engine.support.hierarchical.NodeTestTask.executeRecursively(NodeTestTask.java:143)
	at org.junit.platform.engine.support.hierarchical.NodeTestTask.execute(NodeTestTask.java:100)
	at java.base/java.util.ArrayList.forEach(ArrayList.java:1511)
	at org.junit.platform.engine.support.hierarchical.SameThreadHierarchicalTestExecutorService.invokeAll(SameThreadHierarchicalTestExecutorService.java:41)
	at org.junit.platform.engine.support.hierarchical.NodeTestTask.lambda$executeRecursively$6(NodeTestTask.java:160)
	at org.junit.platform.engine.support.hierarchical.ThrowableCollector.execute(ThrowableCollector.java:73)
	at org.junit.platform.engine.support.hierarchical.NodeTestTask.lambda$executeRecursively$8(NodeTestTask.java:146)
	at org.junit.platform.engine.support.hierarchical.Node.around(Node.java:137)
	at org.junit.platform.engine.support.hierarchical.NodeTestTask.lambda$executeRecursively$9(NodeTestTask.java:144)
	at org.junit.platform.engine.support.hierarchical.ThrowableCollector.execute(ThrowableCollector.java:73)
	at org.junit.platform.engine.support.hierarchical.NodeTestTask.executeRecursively(NodeTestTask.java:143)
	at org.junit.platform.engine.support.hierarchical.NodeTestTask.execute(NodeTestTask.java:100)
	at org.junit.platform.engine.support.hierarchical.SameThreadHierarchicalTestExecutorService.submit(SameThreadHierarchicalTestExecutorService.java:35)
	at org.junit.platform.engine.support.hierarchical.HierarchicalTestExecutor.execute(HierarchicalTestExecutor.java:57)
	at org.junit.platform.engine.support.hierarchical.HierarchicalTestEngine.execute(HierarchicalTestEngine.java:54)
	at org.junit.platform.launcher.core.EngineExecutionOrchestrator.execute(EngineExecutionOrchestrator.java:198)
	at org.junit.platform.launcher.core.EngineExecutionOrchestrator.execute(EngineExecutionOrchestrator.java:169)
	at org.junit.platform.launcher.core.EngineExecutionOrchestrator.execute(EngineExecutionOrchestrator.java:93)
	at org.junit.platform.launcher.core.EngineExecutionOrchestrator.lambda$execute$0(EngineExecutionOrchestrator.java:58)
	at org.junit.platform.launcher.core.EngineExecutionOrchestrator.withInterceptedStreams(EngineExecutionOrchestrator.java:141)
	at org.junit.platform.launcher.core.EngineExecutionOrchestrator.execute(EngineExecutionOrchestrator.java:57)
	at org.junit.platform.launcher.core.DefaultLauncher.execute(DefaultLauncher.java:103)
	at org.junit.platform.launcher.core.DefaultLauncher.execute(DefaultLauncher.java:85)
	at org.junit.platform.launcher.core.DelegatingLauncher.execute(DelegatingLauncher.java:47)
	at org.apache.maven.surefire.junitplatform.LazyLauncher.execute(LazyLauncher.java:56)
	at org.apache.maven.surefire.junitplatform.JUnitPlatformProvider.execute(JUnitPlatformProvider.java:194)
	at org.apache.maven.surefire.junitplatform.JUnitPlatformProvider.invokeAllTests(JUnitPlatformProvider.java:150)
	at org.apache.maven.surefire.junitplatform.JUnitPlatformProvider.invoke(JUnitPlatformProvider.java:124)
	at org.apache.maven.surefire.booter.ForkedBooter.runSuitesInProcess(ForkedBooter.java:385)
	at org.apache.maven.surefire.booter.ForkedBooter.execute(ForkedBooter.java:162)
	at org.apache.maven.surefire.booter.ForkedBooter.run(ForkedBooter.java:507)
	at org.apache.maven.surefire.booter.ForkedBooter.main(ForkedBooter.java:495)
Caused by: java.net.ConnectException: Connection refused: connect
	at java.base/sun.nio.ch.Net.connect0(Native Method)
	at java.base/sun.nio.ch.Net.connect(Net.java:579)
	at java.base/sun.nio.ch.Net.connect(Net.java:568)
	at java.base/sun.nio.ch.NioSocketImpl.connect(NioSocketImpl.java:593)
	at java.base/java.net.Socket.connect(Socket.java:633)
	at java.base/java.net.Socket.connect(Socket.java:583)
	at java.base/sun.net.NetworkClient.doConnect(NetworkClient.java:183)
	at java.base/sun.net.www.http.HttpClient.openServer(HttpClient.java:534)
	at java.base/sun.net.www.http.HttpClient.openServer(HttpClient.java:639)
	at java.base/sun.net.www.http.HttpClient.<init>(HttpClient.java:282)
	at java.base/sun.net.www.http.HttpClient.New(HttpClient.java:387)
	at java.base/sun.net.www.http.HttpClient.New(HttpClient.java:409)
	at java.base/sun.net.www.protocol.http.HttpURLConnection.getNewHttpClient(HttpURLConnection.java:1308)
	at java.base/sun.net.www.protocol.http.HttpURLConnection.plainConnect0(HttpURLConnection.java:1241)
	at java.base/sun.net.www.protocol.http.HttpURLConnection.plainConnect(HttpURLConnection.java:1127)
	at java.base/sun.net.www.protocol.http.HttpURLConnection.connect(HttpURLConnection.java:1056)
	at org.springframework.http.client.SimpleClientHttpRequest.executeInternal(SimpleClientHttpRequest.java:79)
	at org.springframework.http.client.AbstractStreamingClientHttpRequest.executeInternal(AbstractStreamingClientHttpRequest.java:71)
	at org.springframework.http.client.AbstractClientHttpRequest.execute(AbstractClientHttpRequest.java:81)
	at org.springframework.web.client.RestTemplate.doExecute(RestTemplate.java:900)
	... 107 common frames omitted
]]></system-out>
  </testcase>
</testsuite>